<?xml version="1.0" encoding="UTF-8"?>
<!-- Generated by org.testng.reporters.JUnitReportReporter -->
<testsuite hostname="DESKTOP-76TBABV" failures="0" tests="11" name="testcases.CartTest" time="89.234" errors="0" timestamp="2025-03-25T15:43:49 IST" skipped="0">
  <testcase classname="testcases.CartTest" name="verifyAllItemsMenu" time="6.368"/>
  <system-out>
    <![CDATA[All Items Menu working as expected]]>
  </system-out>
  <testcase classname="testcases.CartTest" name="verifyResetAppMenu" time="6.234"/>
  <system-out>
    <![CDATA[Reset menu working as expected]]>
  </system-out>
  <testcase classname="testcases.CartTest" name="verifyApplicationUrl" time="2.925"/>
  <system-out/>
  <testcase classname="testcases.CartTest" name="verifyCheckout" time="7.325"/>
  <system-out/>
  <testcase classname="testcases.CartTest" name="verifyContinueShoppingBtn" time="7.756"/>
  <system-out>
    <![CDATA[Continue shpooing button working as expected]]>
  </system-out>
  <testcase classname="testcases.CartTest" name="verifyCartAfterRemovingProduct" time="7.249"/>
  <system-out>
    <![CDATA[Product removed from cart successfully]]>
  </system-out>
  <testcase classname="testcases.CartTest" name="verifyAboutMenu" time="30.854"/>
  <system-out>
    <![CDATA[About menu working as expected]]>
  </system-out>
  <testcase classname="testcases.CartTest" name="verifyProductNameClickNavigation" time="3.111"/>
  <system-out>
    <![CDATA[]]>
  </system-out>
  <testcase classname="testcases.CartTest" name="verifyApplicationTitle" time="3.088"/>
  <system-out/>
  <testcase classname="testcases.CartTest" name="testAccessCartWithoutLogin" time="8.060"/>
  <system-out/>
  <testcase classname="testcases.CartTest" name="verifyLogoutMenu" time="6.264"/>
  <system-out>
    <![CDATA[Logout menu working as expected]]>
  </system-out>
</testsuite> <!-- testcases.CartTest -->
